  RegularObjects.cpp
f:\googledrive\purdue-university\purduesemestercourses\spring-2016\cs531-computationalgeometry-prof.hoffman\3d_cvx_hull\project-3dcvxhull\dependencies\glui\glui.h(868): warning C4244: 'argument': conversion from 'double' to 'GLfloat', possible loss of data
f:\googledrive\purdue-university\purduesemestercourses\spring-2016\cs531-computationalgeometry-prof.hoffman\3d_cvx_hull\project-3dcvxhull\regularobjects.cpp(127): warning C4244: 'argument': conversion from 'double' to 'float', possible loss of data
f:\googledrive\purdue-university\purduesemestercourses\spring-2016\cs531-computationalgeometry-prof.hoffman\3d_cvx_hull\project-3dcvxhull\regularobjects.cpp(136): warning C4244: 'argument': conversion from 'double' to 'float', possible loss of data
f:\googledrive\purdue-university\purduesemestercourses\spring-2016\cs531-computationalgeometry-prof.hoffman\3d_cvx_hull\project-3dcvxhull\regularobjects.cpp(145): warning C4244: 'argument': conversion from 'double' to 'float', possible loss of data
f:\googledrive\purdue-university\purduesemestercourses\spring-2016\cs531-computationalgeometry-prof.hoffman\3d_cvx_hull\project-3dcvxhull\regularobjects.cpp(154): warning C4244: 'argument': conversion from 'double' to 'float', possible loss of data
f:\googledrive\purdue-university\purduesemestercourses\spring-2016\cs531-computationalgeometry-prof.hoffman\3d_cvx_hull\project-3dcvxhull\regularobjects.cpp(163): warning C4244: 'argument': conversion from 'double' to 'float', possible loss of data
f:\googledrive\purdue-university\purduesemestercourses\spring-2016\cs531-computationalgeometry-prof.hoffman\3d_cvx_hull\project-3dcvxhull\regularobjects.cpp(172): warning C4244: 'argument': conversion from 'double' to 'float', possible loss of data
f:\googledrive\purdue-university\purduesemestercourses\spring-2016\cs531-computationalgeometry-prof.hoffman\3d_cvx_hull\project-3dcvxhull\regularobjects.cpp(265): warning C4305: '=': truncation from 'double' to 'float'
f:\googledrive\purdue-university\purduesemestercourses\spring-2016\cs531-computationalgeometry-prof.hoffman\3d_cvx_hull\project-3dcvxhull\regularobjects.cpp(1279): warning C4838: conversion from 'double' to 'float' requires a narrowing conversion
f:\googledrive\purdue-university\purduesemestercourses\spring-2016\cs531-computationalgeometry-prof.hoffman\3d_cvx_hull\project-3dcvxhull\regularobjects.cpp(1279): warning C4305: 'initializing': truncation from 'double' to 'float'
f:\googledrive\purdue-university\purduesemestercourses\spring-2016\cs531-computationalgeometry-prof.hoffman\3d_cvx_hull\project-3dcvxhull\regularobjects.cpp(2283): warning C4838: conversion from 'double' to 'float' requires a narrowing conversion
f:\googledrive\purdue-university\purduesemestercourses\spring-2016\cs531-computationalgeometry-prof.hoffman\3d_cvx_hull\project-3dcvxhull\regularobjects.cpp(2283): warning C4305: 'initializing': truncation from 'double' to 'float'
f:\googledrive\purdue-university\purduesemestercourses\spring-2016\cs531-computationalgeometry-prof.hoffman\3d_cvx_hull\project-3dcvxhull\regularobjects.cpp(3287): warning C4838: conversion from 'double' to 'float' requires a narrowing conversion
f:\googledrive\purdue-university\purduesemestercourses\spring-2016\cs531-computationalgeometry-prof.hoffman\3d_cvx_hull\project-3dcvxhull\regularobjects.cpp(3287): warning C4305: 'initializing': truncation from 'double' to 'float'
f:\googledrive\purdue-university\purduesemestercourses\spring-2016\cs531-computationalgeometry-prof.hoffman\3d_cvx_hull\project-3dcvxhull\regularobjects.cpp(4291): warning C4838: conversion from 'double' to 'float' requires a narrowing conversion
f:\googledrive\purdue-university\purduesemestercourses\spring-2016\cs531-computationalgeometry-prof.hoffman\3d_cvx_hull\project-3dcvxhull\regularobjects.cpp(4291): warning C4305: 'initializing': truncation from 'double' to 'float'
f:\googledrive\purdue-university\purduesemestercourses\spring-2016\cs531-computationalgeometry-prof.hoffman\3d_cvx_hull\project-3dcvxhull\regularobjects.cpp(5295): warning C4838: conversion from 'double' to 'float' requires a narrowing conversion
f:\googledrive\purdue-university\purduesemestercourses\spring-2016\cs531-computationalgeometry-prof.hoffman\3d_cvx_hull\project-3dcvxhull\regularobjects.cpp(5295): warning C4305: 'initializing': truncation from 'double' to 'float'
f:\googledrive\purdue-university\purduesemestercourses\spring-2016\cs531-computationalgeometry-prof.hoffman\3d_cvx_hull\project-3dcvxhull\regularobjects.cpp(6299): warning C4838: conversion from 'double' to 'float' requires a narrowing conversion
f:\googledrive\purdue-university\purduesemestercourses\spring-2016\cs531-computationalgeometry-prof.hoffman\3d_cvx_hull\project-3dcvxhull\regularobjects.cpp(6299): warning C4305: 'initializing': truncation from 'double' to 'float'
  Project-3DCvxHull.vcxproj -> F:\GoogleDrive\Purdue-University\PurdueSemesterCourses\Spring-2016\CS531-ComputationalGeometry-Prof.Hoffman\3d_cvx_hull\Debug\Project-3DCvxHull.exe
  Project-3DCvxHull.vcxproj -> F:\GoogleDrive\Purdue-University\PurdueSemesterCourses\Spring-2016\CS531-ComputationalGeometry-Prof.Hoffman\3d_cvx_hull\Debug\Project-3DCvxHull.pdb (Partial PDB)
