f:\googledrive\purdue-university\purduesemestercourses\spring-2016\cs531-computationalgeometry-prof.hoffman\3d_cvx_hull\project-3dcvxhull\debug\vc140.pdb
f:\googledrive\purdue-university\purduesemestercourses\spring-2016\cs531-computationalgeometry-prof.hoffman\3d_cvx_hull\project-3dcvxhull\debug\vc140.idb
f:\googledrive\purdue-university\purduesemestercourses\spring-2016\cs531-computationalgeometry-prof.hoffman\3d_cvx_hull\project-3dcvxhull\debug\conflictgraph.obj
f:\googledrive\purdue-university\purduesemestercourses\spring-2016\cs531-computationalgeometry-prof.hoffman\3d_cvx_hull\project-3dcvxhull\debug\facet.obj
f:\googledrive\purdue-university\purduesemestercourses\spring-2016\cs531-computationalgeometry-prof.hoffman\3d_cvx_hull\project-3dcvxhull\debug\halfedge.obj
f:\googledrive\purdue-university\purduesemestercourses\spring-2016\cs531-computationalgeometry-prof.hoffman\3d_cvx_hull\project-3dcvxhull\debug\helper_fxns.obj
f:\googledrive\purdue-university\purduesemestercourses\spring-2016\cs531-computationalgeometry-prof.hoffman\3d_cvx_hull\project-3dcvxhull\debug\keyboard.obj
f:\googledrive\purdue-university\purduesemestercourses\spring-2016\cs531-computationalgeometry-prof.hoffman\3d_cvx_hull\project-3dcvxhull\debug\menuhandlers.obj
f:\googledrive\purdue-university\purduesemestercourses\spring-2016\cs531-computationalgeometry-prof.hoffman\3d_cvx_hull\project-3dcvxhull\debug\mouse.obj
f:\googledrive\purdue-university\purduesemestercourses\spring-2016\cs531-computationalgeometry-prof.hoffman\3d_cvx_hull\project-3dcvxhull\debug\opengl_render_fxns.obj
f:\googledrive\purdue-university\purduesemestercourses\spring-2016\cs531-computationalgeometry-prof.hoffman\3d_cvx_hull\project-3dcvxhull\debug\stateobject.obj
f:\googledrive\purdue-university\purduesemestercourses\spring-2016\cs531-computationalgeometry-prof.hoffman\3d_cvx_hull\project-3dcvxhull\debug\point.obj
f:\googledrive\purdue-university\purduesemestercourses\spring-2016\cs531-computationalgeometry-prof.hoffman\3d_cvx_hull\project-3dcvxhull\debug\menu.obj
f:\googledrive\purdue-university\purduesemestercourses\spring-2016\cs531-computationalgeometry-prof.hoffman\3d_cvx_hull\project-3dcvxhull\debug\main.obj
f:\googledrive\purdue-university\purduesemestercourses\spring-2016\cs531-computationalgeometry-prof.hoffman\3d_cvx_hull\project-3dcvxhull\debug\regularobjects.obj
f:\googledrive\purdue-university\purduesemestercourses\spring-2016\cs531-computationalgeometry-prof.hoffman\3d_cvx_hull\debug\project-3dcvxhull.ilk
f:\googledrive\purdue-university\purduesemestercourses\spring-2016\cs531-computationalgeometry-prof.hoffman\3d_cvx_hull\debug\project-3dcvxhull.exe
f:\googledrive\purdue-university\purduesemestercourses\spring-2016\cs531-computationalgeometry-prof.hoffman\3d_cvx_hull\debug\project-3dcvxhull.pdb
f:\googledrive\purdue-university\purduesemestercourses\spring-2016\cs531-computationalgeometry-prof.hoffman\3d_cvx_hull\project-3dcvxhull\debug\project-.ae94c4d7.tlog\cl.command.1.tlog
f:\googledrive\purdue-university\purduesemestercourses\spring-2016\cs531-computationalgeometry-prof.hoffman\3d_cvx_hull\project-3dcvxhull\debug\project-.ae94c4d7.tlog\cl.read.1.tlog
f:\googledrive\purdue-university\purduesemestercourses\spring-2016\cs531-computationalgeometry-prof.hoffman\3d_cvx_hull\project-3dcvxhull\debug\project-.ae94c4d7.tlog\cl.write.1.tlog
f:\googledrive\purdue-university\purduesemestercourses\spring-2016\cs531-computationalgeometry-prof.hoffman\3d_cvx_hull\project-3dcvxhull\debug\project-.ae94c4d7.tlog\link.command.1.tlog
f:\googledrive\purdue-university\purduesemestercourses\spring-2016\cs531-computationalgeometry-prof.hoffman\3d_cvx_hull\project-3dcvxhull\debug\project-.ae94c4d7.tlog\link.read.1.tlog
f:\googledrive\purdue-university\purduesemestercourses\spring-2016\cs531-computationalgeometry-prof.hoffman\3d_cvx_hull\project-3dcvxhull\debug\project-.ae94c4d7.tlog\link.write.1.tlog
