  ConflictGraph.cpp
f:\googledrive\purdue-university\purduesemestercourses\spring-2016\cs531-computationalgeometry-prof.hoffman\3d_cvx_hull\project-3dcvxhull\Dependencies\glui\glui.h(868): warning C4244: 'argument': conversion from 'double' to 'GLfloat', possible loss of data
  Facet.cpp
f:\googledrive\purdue-university\purduesemestercourses\spring-2016\cs531-computationalgeometry-prof.hoffman\3d_cvx_hull\project-3dcvxhull\Dependencies\glui\glui.h(868): warning C4244: 'argument': conversion from 'double' to 'GLfloat', possible loss of data
  Halfedge.cpp
f:\googledrive\purdue-university\purduesemestercourses\spring-2016\cs531-computationalgeometry-prof.hoffman\3d_cvx_hull\project-3dcvxhull\Dependencies\glui\glui.h(868): warning C4244: 'argument': conversion from 'double' to 'GLfloat', possible loss of data
  helper_fxns.cpp
f:\googledrive\purdue-university\purduesemestercourses\spring-2016\cs531-computationalgeometry-prof.hoffman\3d_cvx_hull\project-3dcvxhull\Dependencies\glui\glui.h(868): warning C4244: 'argument': conversion from 'double' to 'GLfloat', possible loss of data
helper_fxns.cpp(182): warning C4838: conversion from 'double' to 'float' requires a narrowing conversion
helper_fxns.cpp(182): warning C4305: 'initializing': truncation from 'double' to 'float'
helper_fxns.cpp(183): warning C4838: conversion from 'double' to 'float' requires a narrowing conversion
helper_fxns.cpp(183): warning C4305: 'initializing': truncation from 'double' to 'float'
helper_fxns.cpp(184): warning C4838: conversion from 'double' to 'float' requires a narrowing conversion
helper_fxns.cpp(184): warning C4305: 'initializing': truncation from 'double' to 'float'
helper_fxns.cpp(185): warning C4838: conversion from 'double' to 'float' requires a narrowing conversion
helper_fxns.cpp(185): warning C4305: 'initializing': truncation from 'double' to 'float'
helper_fxns.cpp(187): warning C4838: conversion from 'double' to 'float' requires a narrowing conversion
helper_fxns.cpp(187): warning C4305: 'initializing': truncation from 'double' to 'float'
helper_fxns.cpp(188): warning C4838: conversion from 'double' to 'float' requires a narrowing conversion
helper_fxns.cpp(188): warning C4305: 'initializing': truncation from 'double' to 'float'
helper_fxns.cpp(189): warning C4838: conversion from 'double' to 'float' requires a narrowing conversion
helper_fxns.cpp(189): warning C4305: 'initializing': truncation from 'double' to 'float'
helper_fxns.cpp(190): warning C4838: conversion from 'double' to 'float' requires a narrowing conversion
helper_fxns.cpp(190): warning C4305: 'initializing': truncation from 'double' to 'float'
  keyboard.cpp
f:\googledrive\purdue-university\purduesemestercourses\spring-2016\cs531-computationalgeometry-prof.hoffman\3d_cvx_hull\project-3dcvxhull\Dependencies\glui\glui.h(868): warning C4244: 'argument': conversion from 'double' to 'GLfloat', possible loss of data
  main.cpp
f:\googledrive\purdue-university\purduesemestercourses\spring-2016\cs531-computationalgeometry-prof.hoffman\3d_cvx_hull\project-3dcvxhull\Dependencies\glui\glui.h(868): warning C4244: 'argument': conversion from 'double' to 'GLfloat', possible loss of data
main.cpp(138): warning C4305: 'argument': truncation from 'double' to 'float'
  menu.cpp
f:\googledrive\purdue-university\purduesemestercourses\spring-2016\cs531-computationalgeometry-prof.hoffman\3d_cvx_hull\project-3dcvxhull\Dependencies\glui\glui.h(868): warning C4244: 'argument': conversion from 'double' to 'GLfloat', possible loss of data
menu.cpp(221): warning C4305: '=': truncation from 'double' to 'float'
menu.cpp(231): warning C4305: '=': truncation from 'double' to 'float'
menu.cpp(241): warning C4305: '=': truncation from 'double' to 'float'
menu.cpp(250): warning C4305: '=': truncation from 'double' to 'float'
menu.cpp(259): warning C4305: '=': truncation from 'double' to 'float'
menu.cpp(269): warning C4305: '=': truncation from 'double' to 'float'
  menuHandlers.cpp
f:\googledrive\purdue-university\purduesemestercourses\spring-2016\cs531-computationalgeometry-prof.hoffman\3d_cvx_hull\project-3dcvxhull\Dependencies\glui\glui.h(868): warning C4244: 'argument': conversion from 'double' to 'GLfloat', possible loss of data
menuHandlers.cpp(85): warning C4390: ';': empty controlled statement found; is this the intent?
  mouse.cpp
f:\googledrive\purdue-university\purduesemestercourses\spring-2016\cs531-computationalgeometry-prof.hoffman\3d_cvx_hull\project-3dcvxhull\Dependencies\glui\glui.h(868): warning C4244: 'argument': conversion from 'double' to 'GLfloat', possible loss of data
mouse.cpp(51): warning C4244: '=': conversion from 'double' to 'float', possible loss of data
mouse.cpp(52): warning C4244: '=': conversion from 'double' to 'float', possible loss of data
mouse.cpp(59): warning C4244: '=': conversion from 'double' to 'float', possible loss of data
mouse.cpp(60): warning C4244: '=': conversion from 'double' to 'float', possible loss of data
mouse.cpp(61): warning C4244: '=': conversion from 'double' to 'float', possible loss of data
  opengl_render_fxns.cpp
f:\googledrive\purdue-university\purduesemestercourses\spring-2016\cs531-computationalgeometry-prof.hoffman\3d_cvx_hull\project-3dcvxhull\Dependencies\glui\glui.h(868): warning C4244: 'argument': conversion from 'double' to 'GLfloat', possible loss of data
opengl_render_fxns.cpp(54): warning C4244: '=': conversion from 'double' to 'int', possible loss of data
opengl_render_fxns.cpp(57): warning C4244: 'argument': conversion from 'int' to 'GLfloat', possible loss of data
opengl_render_fxns.cpp(66): warning C4244: '=': conversion from 'double' to 'int', possible loss of data
opengl_render_fxns.cpp(69): warning C4244: 'argument': conversion from 'int' to 'GLfloat', possible loss of data
  Point.cpp
f:\googledrive\purdue-university\purduesemestercourses\spring-2016\cs531-computationalgeometry-prof.hoffman\3d_cvx_hull\project-3dcvxhull\Dependencies\glui\glui.h(868): warning C4244: 'argument': conversion from 'double' to 'GLfloat', possible loss of data
  RegularObjects.cpp
f:\googledrive\purdue-university\purduesemestercourses\spring-2016\cs531-computationalgeometry-prof.hoffman\3d_cvx_hull\project-3dcvxhull\Dependencies\glui\glui.h(868): warning C4244: 'argument': conversion from 'double' to 'GLfloat', possible loss of data
RegularObjects.cpp(127): warning C4244: 'argument': conversion from 'double' to 'float', possible loss of data
RegularObjects.cpp(136): warning C4244: 'argument': conversion from 'double' to 'float', possible loss of data
RegularObjects.cpp(145): warning C4244: 'argument': conversion from 'double' to 'float', possible loss of data
RegularObjects.cpp(154): warning C4244: 'argument': conversion from 'double' to 'float', possible loss of data
RegularObjects.cpp(163): warning C4244: 'argument': conversion from 'double' to 'float', possible loss of data
RegularObjects.cpp(172): warning C4244: 'argument': conversion from 'double' to 'float', possible loss of data
RegularObjects.cpp(265): warning C4305: '=': truncation from 'double' to 'float'
RegularObjects.cpp(1279): warning C4838: conversion from 'double' to 'float' requires a narrowing conversion
RegularObjects.cpp(1279): warning C4305: 'initializing': truncation from 'double' to 'float'
RegularObjects.cpp(2283): warning C4838: conversion from 'double' to 'float' requires a narrowing conversion
RegularObjects.cpp(2283): warning C4305: 'initializing': truncation from 'double' to 'float'
RegularObjects.cpp(3287): warning C4838: conversion from 'double' to 'float' requires a narrowing conversion
RegularObjects.cpp(3287): warning C4305: 'initializing': truncation from 'double' to 'float'
RegularObjects.cpp(4291): warning C4838: conversion from 'double' to 'float' requires a narrowing conversion
RegularObjects.cpp(4291): warning C4305: 'initializing': truncation from 'double' to 'float'
RegularObjects.cpp(5295): warning C4838: conversion from 'double' to 'float' requires a narrowing conversion
RegularObjects.cpp(5295): warning C4305: 'initializing': truncation from 'double' to 'float'
RegularObjects.cpp(6299): warning C4838: conversion from 'double' to 'float' requires a narrowing conversion
RegularObjects.cpp(6299): warning C4305: 'initializing': truncation from 'double' to 'float'
  StateObject.cpp
f:\googledrive\purdue-university\purduesemestercourses\spring-2016\cs531-computationalgeometry-prof.hoffman\3d_cvx_hull\project-3dcvxhull\Dependencies\glui\glui.h(868): warning C4244: 'argument': conversion from 'double' to 'GLfloat', possible loss of data
glui32.lib(glui_spinner.obj) : error LNK2038: mismatch detected for '_ITERATOR_DEBUG_LEVEL': value '2' doesn't match value '0' in ConflictGraph.obj
glui32.lib(glui_spinner.obj) : error LNK2038: mismatch detected for 'RuntimeLibrary': value 'MDd_DynamicDebug' doesn't match value 'MD_DynamicRelease' in ConflictGraph.obj
glui32.lib(glui.obj) : error LNK2038: mismatch detected for '_ITERATOR_DEBUG_LEVEL': value '2' doesn't match value '0' in ConflictGraph.obj
glui32.lib(glui.obj) : error LNK2038: mismatch detected for 'RuntimeLibrary': value 'MDd_DynamicDebug' doesn't match value 'MD_DynamicRelease' in ConflictGraph.obj
glui32.lib(glui_add_controls.obj) : error LNK2038: mismatch detected for '_ITERATOR_DEBUG_LEVEL': value '2' doesn't match value '0' in ConflictGraph.obj
glui32.lib(glui_add_controls.obj) : error LNK2038: mismatch detected for 'RuntimeLibrary': value 'MDd_DynamicDebug' doesn't match value 'MD_DynamicRelease' in ConflictGraph.obj
glui32.lib(glui_listbox.obj) : error LNK2038: mismatch detected for '_ITERATOR_DEBUG_LEVEL': value '2' doesn't match value '0' in ConflictGraph.obj
glui32.lib(glui_listbox.obj) : error LNK2038: mismatch detected for 'RuntimeLibrary': value 'MDd_DynamicDebug' doesn't match value 'MD_DynamicRelease' in ConflictGraph.obj
glui32.lib(glui_control.obj) : error LNK2038: mismatch detected for '_ITERATOR_DEBUG_LEVEL': value '2' doesn't match value '0' in ConflictGraph.obj
glui32.lib(glui_control.obj) : error LNK2038: mismatch detected for 'RuntimeLibrary': value 'MDd_DynamicDebug' doesn't match value 'MD_DynamicRelease' in ConflictGraph.obj
glui32.lib(glui_string.obj) : error LNK2038: mismatch detected for '_ITERATOR_DEBUG_LEVEL': value '2' doesn't match value '0' in ConflictGraph.obj
glui32.lib(glui_string.obj) : error LNK2038: mismatch detected for 'RuntimeLibrary': value 'MDd_DynamicDebug' doesn't match value 'MD_DynamicRelease' in ConflictGraph.obj
glui32.lib(glui_node.obj) : error LNK2038: mismatch detected for '_ITERATOR_DEBUG_LEVEL': value '2' doesn't match value '0' in ConflictGraph.obj
glui32.lib(glui_node.obj) : error LNK2038: mismatch detected for 'RuntimeLibrary': value 'MDd_DynamicDebug' doesn't match value 'MD_DynamicRelease' in ConflictGraph.obj
glui32.lib(glui_bitmaps.obj) : error LNK2038: mismatch detected for '_ITERATOR_DEBUG_LEVEL': value '2' doesn't match value '0' in ConflictGraph.obj
glui32.lib(glui_bitmaps.obj) : error LNK2038: mismatch detected for 'RuntimeLibrary': value 'MDd_DynamicDebug' doesn't match value 'MD_DynamicRelease' in ConflictGraph.obj
glui32.lib(glui_edittext.obj) : error LNK2038: mismatch detected for '_ITERATOR_DEBUG_LEVEL': value '2' doesn't match value '0' in ConflictGraph.obj
glui32.lib(glui_edittext.obj) : error LNK2038: mismatch detected for 'RuntimeLibrary': value 'MDd_DynamicDebug' doesn't match value 'MD_DynamicRelease' in ConflictGraph.obj
glui32.lib(glui_window.obj) : error LNK2038: mismatch detected for '_ITERATOR_DEBUG_LEVEL': value '2' doesn't match value '0' in ConflictGraph.obj
glui32.lib(glui_window.obj) : error LNK2038: mismatch detected for 'RuntimeLibrary': value 'MDd_DynamicDebug' doesn't match value 'MD_DynamicRelease' in ConflictGraph.obj
glui32.lib(glui_panel.obj) : error LNK2038: mismatch detected for '_ITERATOR_DEBUG_LEVEL': value '2' doesn't match value '0' in ConflictGraph.obj
glui32.lib(glui_panel.obj) : error LNK2038: mismatch detected for 'RuntimeLibrary': value 'MDd_DynamicDebug' doesn't match value 'MD_DynamicRelease' in ConflictGraph.obj
glui32.lib(glui_button.obj) : error LNK2038: mismatch detected for '_ITERATOR_DEBUG_LEVEL': value '2' doesn't match value '0' in ConflictGraph.obj
glui32.lib(glui_button.obj) : error LNK2038: mismatch detected for 'RuntimeLibrary': value 'MDd_DynamicDebug' doesn't match value 'MD_DynamicRelease' in ConflictGraph.obj
glui32.lib(glui_checkbox.obj) : error LNK2038: mismatch detected for '_ITERATOR_DEBUG_LEVEL': value '2' doesn't match value '0' in ConflictGraph.obj
glui32.lib(glui_checkbox.obj) : error LNK2038: mismatch detected for 'RuntimeLibrary': value 'MDd_DynamicDebug' doesn't match value 'MD_DynamicRelease' in ConflictGraph.obj
glui32.lib(glui_column.obj) : error LNK2038: mismatch detected for '_ITERATOR_DEBUG_LEVEL': value '2' doesn't match value '0' in ConflictGraph.obj
glui32.lib(glui_column.obj) : error LNK2038: mismatch detected for 'RuntimeLibrary': value 'MDd_DynamicDebug' doesn't match value 'MD_DynamicRelease' in ConflictGraph.obj
glui32.lib(glui_rollout.obj) : error LNK2038: mismatch detected for '_ITERATOR_DEBUG_LEVEL': value '2' doesn't match value '0' in ConflictGraph.obj
glui32.lib(glui_rollout.obj) : error LNK2038: mismatch detected for 'RuntimeLibrary': value 'MDd_DynamicDebug' doesn't match value 'MD_DynamicRelease' in ConflictGraph.obj
glui32.lib(glui_radio.obj) : error LNK2038: mismatch detected for '_ITERATOR_DEBUG_LEVEL': value '2' doesn't match value '0' in ConflictGraph.obj
glui32.lib(glui_radio.obj) : error LNK2038: mismatch detected for 'RuntimeLibrary': value 'MDd_DynamicDebug' doesn't match value 'MD_DynamicRelease' in ConflictGraph.obj
glui32.lib(glui_separator.obj) : error LNK2038: mismatch detected for '_ITERATOR_DEBUG_LEVEL': value '2' doesn't match value '0' in ConflictGraph.obj
glui32.lib(glui_separator.obj) : error LNK2038: mismatch detected for 'RuntimeLibrary': value 'MDd_DynamicDebug' doesn't match value 'MD_DynamicRelease' in ConflictGraph.obj
glui32.lib(glui_statictext.obj) : error LNK2038: mismatch detected for '_ITERATOR_DEBUG_LEVEL': value '2' doesn't match value '0' in ConflictGraph.obj
glui32.lib(glui_statictext.obj) : error LNK2038: mismatch detected for 'RuntimeLibrary': value 'MDd_DynamicDebug' doesn't match value 'MD_DynamicRelease' in ConflictGraph.obj
glui32.lib(glui_rotation.obj) : error LNK2038: mismatch detected for '_ITERATOR_DEBUG_LEVEL': value '2' doesn't match value '0' in ConflictGraph.obj
glui32.lib(glui_rotation.obj) : error LNK2038: mismatch detected for 'RuntimeLibrary': value 'MDd_DynamicDebug' doesn't match value 'MD_DynamicRelease' in ConflictGraph.obj
glui32.lib(glui_translation.obj) : error LNK2038: mismatch detected for '_ITERATOR_DEBUG_LEVEL': value '2' doesn't match value '0' in ConflictGraph.obj
glui32.lib(glui_translation.obj) : error LNK2038: mismatch detected for 'RuntimeLibrary': value 'MDd_DynamicDebug' doesn't match value 'MD_DynamicRelease' in ConflictGraph.obj
glui32.lib(glui_mouse_iaction.obj) : error LNK2038: mismatch detected for '_ITERATOR_DEBUG_LEVEL': value '2' doesn't match value '0' in ConflictGraph.obj
glui32.lib(glui_mouse_iaction.obj) : error LNK2038: mismatch detected for 'RuntimeLibrary': value 'MDd_DynamicDebug' doesn't match value 'MD_DynamicRelease' in ConflictGraph.obj
glui32.lib(algebra3.obj) : error LNK2038: mismatch detected for '_ITERATOR_DEBUG_LEVEL': value '2' doesn't match value '0' in ConflictGraph.obj
glui32.lib(algebra3.obj) : error LNK2038: mismatch detected for 'RuntimeLibrary': value 'MDd_DynamicDebug' doesn't match value 'MD_DynamicRelease' in ConflictGraph.obj
glui32.lib(arcball.obj) : error LNK2038: mismatch detected for '_ITERATOR_DEBUG_LEVEL': value '2' doesn't match value '0' in ConflictGraph.obj
glui32.lib(arcball.obj) : error LNK2038: mismatch detected for 'RuntimeLibrary': value 'MDd_DynamicDebug' doesn't match value 'MD_DynamicRelease' in ConflictGraph.obj
glui32.lib(quaternion.obj) : error LNK2038: mismatch detected for '_ITERATOR_DEBUG_LEVEL': value '2' doesn't match value '0' in ConflictGraph.obj
glui32.lib(quaternion.obj) : error LNK2038: mismatch detected for 'RuntimeLibrary': value 'MDd_DynamicDebug' doesn't match value 'MD_DynamicRelease' in ConflictGraph.obj
LINK : warning LNK4098: defaultlib 'MSVCRTD' conflicts with use of other libs; use /NODEFAULTLIB:library
glui32.lib(glui_separator.obj) : error LNK2001: unresolved external symbol __imp___invalid_parameter
glui32.lib(glui_statictext.obj) : error LNK2001: unresolved external symbol __imp___invalid_parameter
glui32.lib(glui_rotation.obj) : error LNK2001: unresolved external symbol __imp___invalid_parameter
glui32.lib(glui_translation.obj) : error LNK2001: unresolved external symbol __imp___invalid_parameter
glui32.lib(glui_checkbox.obj) : error LNK2001: unresolved external symbol __imp___invalid_parameter
glui32.lib(glui_column.obj) : error LNK2001: unresolved external symbol __imp___invalid_parameter
glui32.lib(glui_rollout.obj) : error LNK2001: unresolved external symbol __imp___invalid_parameter
glui32.lib(glui_radio.obj) : error LNK2001: unresolved external symbol __imp___invalid_parameter
glui32.lib(glui_string.obj) : error LNK2001: unresolved external symbol __imp___invalid_parameter
glui32.lib(glui_edittext.obj) : error LNK2001: unresolved external symbol __imp___invalid_parameter
glui32.lib(glui_panel.obj) : error LNK2001: unresolved external symbol __imp___invalid_parameter
glui32.lib(glui_button.obj) : error LNK2001: unresolved external symbol __imp___invalid_parameter
glui32.lib(glui_spinner.obj) : error LNK2001: unresolved external symbol __imp___invalid_parameter
glui32.lib(glui.obj) : error LNK2001: unresolved external symbol __imp___invalid_parameter
glui32.lib(glui_listbox.obj) : error LNK2001: unresolved external symbol __imp___invalid_parameter
glui32.lib(glui_control.obj) : error LNK2001: unresolved external symbol __imp___invalid_parameter
glui32.lib(glui_separator.obj) : error LNK2001: unresolved external symbol __imp___CrtDbgReportW
glui32.lib(glui_statictext.obj) : error LNK2001: unresolved external symbol __imp___CrtDbgReportW
glui32.lib(glui_rotation.obj) : error LNK2001: unresolved external symbol __imp___CrtDbgReportW
glui32.lib(glui_translation.obj) : error LNK2001: unresolved external symbol __imp___CrtDbgReportW
glui32.lib(glui_checkbox.obj) : error LNK2001: unresolved external symbol __imp___CrtDbgReportW
glui32.lib(glui_column.obj) : error LNK2001: unresolved external symbol __imp___CrtDbgReportW
glui32.lib(glui_rollout.obj) : error LNK2001: unresolved external symbol __imp___CrtDbgReportW
glui32.lib(glui_radio.obj) : error LNK2001: unresolved external symbol __imp___CrtDbgReportW
glui32.lib(glui_string.obj) : error LNK2001: unresolved external symbol __imp___CrtDbgReportW
glui32.lib(glui_edittext.obj) : error LNK2001: unresolved external symbol __imp___CrtDbgReportW
glui32.lib(glui_panel.obj) : error LNK2001: unresolved external symbol __imp___CrtDbgReportW
glui32.lib(glui_button.obj) : error LNK2001: unresolved external symbol __imp___CrtDbgReportW
glui32.lib(glui_spinner.obj) : error LNK2001: unresolved external symbol __imp___CrtDbgReportW
glui32.lib(glui.obj) : error LNK2001: unresolved external symbol __imp___CrtDbgReportW
glui32.lib(glui_listbox.obj) : error LNK2001: unresolved external symbol __imp___CrtDbgReportW
glui32.lib(glui_control.obj) : error LNK2001: unresolved external symbol __imp___CrtDbgReportW
F:\GoogleDrive\Purdue-University\PurdueSemesterCourses\Spring-2016\CS531-ComputationalGeometry-Prof.Hoffman\3d_cvx_hull\Release\Project-3DCvxHull.exe : fatal error LNK1120: 2 unresolved externals
